<?xml version="1.0" encoding="UTF-8"?>
<!-- Generated by org.testng.reporters.JUnitXMLReporter -->
<testsuite ignored="0" hostname="PratapDell" failures="3" tests="10" name="Test" time="115.198" errors="0" timestamp="2022-01-21T00:28:01 IST">
  <testcase classname="test.ListenersImp" name="Test1" time="0.031"/>
  <testcase classname="test.ListenersImp" name="Test2" time="0.004">
    <failure type="java.lang.ArithmeticException" message="/ by zero">
      <![CDATA[java.lang.ArithmeticException: / by zero
at test.ListenersImp.Test2(ListenersImp.java:18)
at java.base/java.util.ArrayList.forEach(ArrayList.java:1511)
... Removed 27 stack frames]]>
    </failure>
  </testcase> <!-- Test2 -->
  <testcase classname="test.ListenersImp" name="Test3" time="0.2">
    <failure type="org.testng.internal.thread.ThreadTimeoutException" message="Method test.ListenersImp.Test3() didn&amp;apos;t finish within the time-out 100">
      <![CDATA[org.testng.internal.thread.ThreadTimeoutException: Method test.ListenersImp.Test3() didn't finish within the time-out 100
at java.base/java.util.ArrayList.forEach(ArrayList.java:1511)
... Removed 24 stack frames]]>
    </failure>
  </testcase> <!-- Test3 -->
  <testcase classname="test.ListenersImp" name="Test4" time="0.008"/>
  <testcase classname="test.ListenersImp2forXML" name="Test11" time="0.003"/>
  <testcase classname="test.ListenersImp2forXML" name="Test22" time="0.003"/>
  <testcase classname="test.ListenersImp2forXML" name="Test33" time="0.118">
    <failure type="org.testng.internal.thread.ThreadTimeoutException" message="Method test.ListenersImp2forXML.Test33() didn&amp;apos;t finish within the time-out 100">
      <![CDATA[org.testng.internal.thread.ThreadTimeoutException: Method test.ListenersImp2forXML.Test33() didn't finish within the time-out 100
at java.base/java.util.ArrayList.forEach(ArrayList.java:1511)
... Removed 24 stack frames]]>
    </failure>
  </testcase> <!-- Test33 -->
  <testcase classname="test.ListenersImp2forXML" name="Test44" time="0.002"/>
  <testcase classname="test.LoggerTest" name="Test1Login" time="71.044"/>
  <testcase classname="test.WebTablesTest2" name="TableTest2" time="43.57"/>
</testsuite> <!-- Test -->
