<?xml version="1.0" encoding="UTF-8"?>
<testng-results ignored="0" total="1" passed="1" failed="0" skipped="0">
  <reporter-output>
  </reporter-output>
  <suite started-at="2022-01-27T03:35:50 IST" name="Default suite" finished-at="2022-01-27T03:36:39 IST" duration-ms="48935">
    <groups>
    </groups>
    <test started-at="2022-01-27T03:35:50 IST" name="Default test" finished-at="2022-01-27T03:36:39 IST" duration-ms="48935">
      <class name="test.WebTableTest2">
        <test-method signature="TableTest2()[pri:0, instance:test.WebTableTest2@18d87d80]" started-at="2022-01-27T03:35:50 IST" name="TableTest2" finished-at="2022-01-27T03:36:39 IST" duration-ms="48810" status="PASS">
          <reporter-output>
          </reporter-output>
        </test-method> <!-- TableTest2 -->
      </class> <!-- test.WebTableTest2 -->
    </test> <!-- Default test -->
  </suite> <!-- Default suite -->
</testng-results>
